<?xml version="1.0" encoding="UTF-8"?>
<testng-results skipped="0" failed="0" ignored="0" total="3" passed="3">
  <reporter-output>
    <line>
      <![CDATA[Launch Browser http://book.theautomatedtester.co.uk/]]>
    </line>
    <line>
      <![CDATA[Launch Browser http://book.theautomatedtester.co.uk/]]>
    </line>
    <line>
      <![CDATA[Click Chapter 1]]>
    </line>
    <line>
      <![CDATA[Click Radio button]]>
    </line>
    <line>
      <![CDATA[Click Chapter 1]]>
    </line>
    <line>
      <![CDATA[Click Radio button]]>
    </line>
    <line>
      <![CDATA[Select Selenium Code from dropdown]]>
    </line>
    <line>
      <![CDATA[Click home page]]>
    </line>
    <line>
      <![CDATA[Select Selenium Code from dropdown]]>
    </line>
    <line>
      <![CDATA[Close Browser]]>
    </line>
    <line>
      <![CDATA[Click home page]]>
    </line>
    <line>
      <![CDATA[Close Browser]]>
    </line>
    <line>
      <![CDATA[Launch Browser http://book.theautomatedtester.co.uk/]]>
    </line>
    <line>
      <![CDATA[Click Chapter 1]]>
    </line>
    <line>
      <![CDATA[Click Radio button]]>
    </line>
    <line>
      <![CDATA[Select Selenium Code from dropdown]]>
    </line>
    <line>
      <![CDATA[Click home page]]>
    </line>
    <line>
      <![CDATA[Close Browser]]>
    </line>
  </reporter-output>
  <suite name="RegressionAutomatedQA" duration-ms="26614" started-at="2020-09-26T15:42:21Z" finished-at="2020-09-26T15:42:47Z">
    <groups>
    </groups>
    <test name="TC001" duration-ms="14606" started-at="2020-09-26T15:42:21Z" finished-at="2020-09-26T15:42:35Z">
      <class name="com.automatedtester.qa.TC001_Chapter1_ValidateDropdownPOM">
        <test-method status="PASS" signature="beforeTest()[pri:0, instance:com.automatedtester.qa.TC001_Chapter1_ValidateDropdownPOM@4501b7af]" name="beforeTest" is-config="true" duration-ms="6403" started-at="2020-09-26T15:42:21Z" finished-at="2020-09-26T15:42:27Z">
          <reporter-output>
          </reporter-output>
        </test-method> <!-- beforeTest -->
        <test-method status="PASS" signature="TC001()[pri:0, instance:com.automatedtester.qa.TC001_Chapter1_ValidateDropdownPOM@4501b7af]" name="TC001" duration-ms="7944" started-at="2020-09-26T15:42:27Z" finished-at="2020-09-26T15:42:35Z">
          <reporter-output>
            <line>
              <![CDATA[Launch Browser http://book.theautomatedtester.co.uk/]]>
            </line>
            <line>
              <![CDATA[Click Chapter 1]]>
            </line>
            <line>
              <![CDATA[Click Radio button]]>
            </line>
            <line>
              <![CDATA[Select Selenium Code from dropdown]]>
            </line>
            <line>
              <![CDATA[Click home page]]>
            </line>
          </reporter-output>
        </test-method> <!-- TC001 -->
        <test-method status="PASS" signature="afterTest()[pri:0, instance:com.automatedtester.qa.TC001_Chapter1_ValidateDropdownPOM@4501b7af]" name="afterTest" is-config="true" duration-ms="228" started-at="2020-09-26T15:42:35Z" finished-at="2020-09-26T15:42:35Z">
          <reporter-output>
            <line>
              <![CDATA[Close Browser]]>
            </line>
          </reporter-output>
        </test-method> <!-- afterTest -->
      </class> <!-- com.automatedtester.qa.TC001_Chapter1_ValidateDropdownPOM -->
    </test> <!-- TC001 -->
    <test name="TC002" duration-ms="19700" started-at="2020-09-26T15:42:21Z" finished-at="2020-09-26T15:42:40Z">
      <class name="com.automatedtester.qa.TC001_Chapter1_ValidateDropdownPOM">
        <test-method status="PASS" signature="beforeTest()[pri:0, instance:com.automatedtester.qa.TC001_Chapter1_ValidateDropdownPOM@548e7350]" name="beforeTest" is-config="true" duration-ms="7914" started-at="2020-09-26T15:42:21Z" finished-at="2020-09-26T15:42:29Z">
          <reporter-output>
          </reporter-output>
        </test-method> <!-- beforeTest -->
        <test-method status="PASS" signature="TC001()[pri:0, instance:com.automatedtester.qa.TC001_Chapter1_ValidateDropdownPOM@548e7350]" name="TC001" duration-ms="7391" started-at="2020-09-26T15:42:29Z" finished-at="2020-09-26T15:42:36Z">
          <reporter-output>
            <line>
              <![CDATA[Launch Browser http://book.theautomatedtester.co.uk/]]>
            </line>
            <line>
              <![CDATA[Click Chapter 1]]>
            </line>
            <line>
              <![CDATA[Click Radio button]]>
            </line>
            <line>
              <![CDATA[Select Selenium Code from dropdown]]>
            </line>
            <line>
              <![CDATA[Click home page]]>
            </line>
          </reporter-output>
        </test-method> <!-- TC001 -->
        <test-method status="PASS" signature="afterTest()[pri:0, instance:com.automatedtester.qa.TC001_Chapter1_ValidateDropdownPOM@548e7350]" name="afterTest" is-config="true" duration-ms="4371" started-at="2020-09-26T15:42:36Z" finished-at="2020-09-26T15:42:40Z">
          <reporter-output>
            <line>
              <![CDATA[Close Browser]]>
            </line>
          </reporter-output>
        </test-method> <!-- afterTest -->
      </class> <!-- com.automatedtester.qa.TC001_Chapter1_ValidateDropdownPOM -->
    </test> <!-- TC002 -->
    <test name="TC003" duration-ms="11822" started-at="2020-09-26T15:42:36Z" finished-at="2020-09-26T15:42:47Z">
      <class name="com.automatedtester.qa.TC001_Chapter1_ValidateDropdownPOM">
        <test-method status="PASS" signature="beforeTest()[pri:0, instance:com.automatedtester.qa.TC001_Chapter1_ValidateDropdownPOM@146ba0ac]" name="beforeTest" is-config="true" duration-ms="5145" started-at="2020-09-26T15:42:36Z" finished-at="2020-09-26T15:42:41Z">
          <reporter-output>
          </reporter-output>
        </test-method> <!-- beforeTest -->
        <test-method status="PASS" signature="TC001()[pri:0, instance:com.automatedtester.qa.TC001_Chapter1_ValidateDropdownPOM@146ba0ac]" name="TC001" duration-ms="6304" started-at="2020-09-26T15:42:41Z" finished-at="2020-09-26T15:42:47Z">
          <reporter-output>
            <line>
              <![CDATA[Launch Browser http://book.theautomatedtester.co.uk/]]>
            </line>
            <line>
              <![CDATA[Click Chapter 1]]>
            </line>
            <line>
              <![CDATA[Click Radio button]]>
            </line>
            <line>
              <![CDATA[Select Selenium Code from dropdown]]>
            </line>
            <line>
              <![CDATA[Click home page]]>
            </line>
          </reporter-output>
        </test-method> <!-- TC001 -->
        <test-method status="PASS" signature="afterTest()[pri:0, instance:com.automatedtester.qa.TC001_Chapter1_ValidateDropdownPOM@146ba0ac]" name="afterTest" is-config="true" duration-ms="367" started-at="2020-09-26T15:42:47Z" finished-at="2020-09-26T15:42:47Z">
          <reporter-output>
            <line>
              <![CDATA[Close Browser]]>
            </line>
          </reporter-output>
        </test-method> <!-- afterTest -->
      </class> <!-- com.automatedtester.qa.TC001_Chapter1_ValidateDropdownPOM -->
    </test> <!-- TC003 -->
  </suite> <!-- RegressionAutomatedQA -->
</testng-results>
